n32768d1024
Rank 0/4 running on cs421.hpc.nyu.edu.
Rank 3/4 running on cs424.hpc.nyu.edu.
Rank 1/4 running on cs422.hpc.nyu.edu.
Rank 2/4 running on cs423.hpc.nyu.edu.
Scatter data time 0.406914
Scatter data time 0.498752
Scatter data time 0.598522
Scatter data time 0.598082
Calculation time 3.73502
Calculation time 3.62577
Calculation time 3.74517
Calculation time 3.74705
Gather result time 0.247784
Total time 4.38974
Gather result time 0.157133
Total time 4.40108
Gather result time 0.189818
Total time 4.41413
Total message size: 9.216984e-01 GB
Gather result time 0.071105
Total time 4.41625
