Rank 3/4 running on cs476.hpc.nyu.edu.
Rank 2/4 running on cs475.hpc.nyu.edu.
n32768d1024
Rank 0/4 running on cs473.hpc.nyu.edu.
Rank 1/4 running on cs474.hpc.nyu.edu.
Scatter data time 17.0822
Scatter data time 17.2142
Scatter data time 17.3308
Scatter data time 0.660633
Calculation time 3.58783
Calculation time 3.72861
Calculation time 3.55153
Calculation time 3.68493
Gather result time 0.260181
Total time 21.071
Gather result time 0.31883
Total time 21.1208
Gather result time 0.118442
Total time 4.46403
Total message size: 9.216984e-01 GB
Gather result time 0.262582
Total time 21.145
