Rank 4/8 running on cs440.hpc.nyu.edu.
Rank 7/8 running on cs443.hpc.nyu.edu.
Rank 5/8 running on cs441.hpc.nyu.edu.
Rank 3/8 running on cs439.hpc.nyu.edu.
n32768d1024
Rank 0/8 running on cs436.hpc.nyu.edu.
Rank 6/8 running on cs442.hpc.nyu.edu.
Rank 1/8 running on cs437.hpc.nyu.edu.
Rank 2/8 running on cs438.hpc.nyu.edu.
Scatter data time 16.9008
Scatter data time 16.9529
Scatter data time 17.002
Scatter data time 17.0746
Scatter data time 17.1251
Scatter data time 17.1539
Scatter data time 17.2261
Scatter data time 0.605613
Calculation time 1.84462
Calculation time 1.83063
Calculation time 1.808
Calculation time 1.81155
Calculation time 1.84932
Calculation time 1.848
Calculation time 1.8006
Calculation time 1.80702
Gather result time 0.325233
Total time 19.0707
Gather result time 0.293946
Total time 19.0775
Gather result time 0.274062
Total time 19.0841
Gather result time 0.227256
Total time 19.1135
Gather result time 0.147069
Total time 19.1215
Gather result time 0.105908
Total time 19.1079
Gather result time 0.10612
Total time 2.51236
Total message size: 1.102840e+00 GB
Gather result time 0.102083
Total time 19.1352
