n32768d1024
Rank 0/8 running on cs190.hpc.nyu.edu.
Rank 2/8 running on cs192.hpc.nyu.edu.
Rank 1/8 running on cs191.hpc.nyu.edu.
Rank 6/8 running on cs424.hpc.nyu.edu.
Rank 7/8 running on cs425.hpc.nyu.edu.
Rank 5/8 running on cs423.hpc.nyu.edu.
Rank 4/8 running on cs194.hpc.nyu.edu.
Rank 3/8 running on cs193.hpc.nyu.edu.
Scatter data time 16.89
Scatter data time 16.9418
Scatter data time 16.9955
Scatter data time 17.0449
Scatter data time 17.0999
Scatter data time 17.1496
Scatter data time 17.2021
Scatter data time 0.630411
Calculation time 1.84381
Calculation time 1.79944
Calculation time 1.82488
Calculation time 1.80907
Calculation time 1.84622
Calculation time 1.84454
Calculation time 1.83381
Calculation time 1.84321
Gather result time 0.377801
Total time 19.1116
Gather result time 0.377145
Total time 19.1184
Gather result time 0.307299
Total time 19.1277
Gather result time 0.279484
Total time 19.1334
Gather result time 0.197273
Total time 19.1434
Gather result time 0.155159
Total time 19.1493
Gather result time 0.11485
Total time 2.57909
Total message size: 1.102840e+00 GB
Gather result time 0.111307
Total time 19.1566
