Rank 1/4 running on cs361.hpc.nyu.edu.
Rank 3/4 running on cs363.hpc.nyu.edu.
n8192d512
Rank 0/4 running on cs360.hpc.nyu.edu.
Rank 2/4 running on cs362.hpc.nyu.edu.
Scatter data time 0.0589861
Scatter data time 0.0698067
Scatter data time 0.0812801
Scatter data time 0.0815097
Calculation time 0.153615
Openmp calculation time 0.15358
Calculation time 0.148045
Openmp calculation time 0.148012
Calculation time 0.148363
Openmp calculation time 0.148346
Calculation time 0.148949
Openmp calculation time 0.148926
Gather result time 0.0288339
Total time 0.241453
Gather result time 0.0252179
Total time 0.243086
Gather result time 0.0143403
Total time 0.244822
Total message size: 1.152123e-01 GB
Gather result time 0.0150736
Total time 0.244737
