n8192d512
Rank 0/4 running on cs394.hpc.nyu.edu.
Rank 2/4 running on cs396.hpc.nyu.edu.
Rank 1/4 running on cs395.hpc.nyu.edu.
Rank 3/4 running on cs397.hpc.nyu.edu.
Scatter data time 0.0635373
Scatter data time 0.0737967
Scatter data time 0.0854409
Scatter data time 0.0872224
Calculation time 0.148162
Openmp calculation time 0.148132
Calculation time 0.14867
Openmp calculation time 0.148631
Calculation time 0.147644
Openmp calculation time 0.147617
Calculation time 0.146622
Openmp calculation time 0.146597
Gather result time 0.0342838
Total time 0.246
Gather result time 0.0252834
Total time 0.247767
Gather result time 0.0156529
Total time 0.249518
Total message size: 1.152123e-01 GB
Gather result time 0.0163287
Total time 0.249428
