n8192d512
Rank 0/8 running on cs238.hpc.nyu.edu.
Rank 1/8 running on cs479.hpc.nyu.edu.
Rank 3/8 running on cs481.hpc.nyu.edu.
Rank 4/8 running on cs482.hpc.nyu.edu.
Rank 2/8 running on cs480.hpc.nyu.edu.
Rank 5/8 running on cs483.hpc.nyu.edu.
Rank 7/8 running on cs485.hpc.nyu.edu.
Rank 6/8 running on cs484.hpc.nyu.edu.
Scatter data time 0.0495504
Scatter data time 0.0549683
Scatter data time 0.0627454
Scatter data time 0.0676323
Scatter data time 0.0748799
Scatter data time 0.0809552
Scatter data time 0.0859345
Scatter data time 0.0862282
Calculation time 0.0747033
Openmp calculation time 0.0746771
Calculation time 0.0738627
Openmp calculation time 0.0738308
Calculation time 0.0740986
Openmp calculation time 0.074061
Calculation time 0.0762982
Openmp calculation time 0.076276
Calculation time 0.0748619
Openmp calculation time 0.0748292
Calculation time 0.0746055
Openmp calculation time 0.0745935
Calculation time 0.0719863
Openmp calculation time 0.0719636
Calculation time 0.0754001
Openmp calculation time 0.0753872
Gather result time 0.0471719
Total time 0.171436
Gather result time 0.0423284
Total time 0.171177
Gather result time 0.0363271
Total time 0.173184
Gather result time 0.0290834
Total time 0.173024
Gather result time 0.0252468
Total time 0.175007
Gather result time 0.0190735
Total time 0.17464
Gather result time 0.0142648
Total time 0.175622
Total message size: 1.378551e-01 GB
Gather result time 0.0183397
Total time 0.17656
