n8192d512
Rank 0/8 running on cs436.hpc.nyu.edu.
Rank 7/8 running on cs443.hpc.nyu.edu.
Rank 5/8 running on cs441.hpc.nyu.edu.
Rank 2/8 running on cs438.hpc.nyu.edu.
Rank 6/8 running on cs442.hpc.nyu.edu.
Rank 1/8 running on cs437.hpc.nyu.edu.
Rank 3/8 running on cs439.hpc.nyu.edu.
Rank 4/8 running on cs440.hpc.nyu.edu.
Scatter data time 0.0467336
Scatter data time 0.0501357
Scatter data time 0.0581257
Scatter data time 0.0616978
Scatter data time 0.0695695
Scatter data time 0.0730098
Scatter data time 0.0800709
Scatter data time 0.0788873
Calculation time 0.0749023
Openmp calculation time 0.0748618
Calculation time 0.0737434
Openmp calculation time 0.0737112
Calculation time 0.0741506
Openmp calculation time 0.0741197
Calculation time 0.0733122
Openmp calculation time 0.0732923
Calculation time 0.0732774
Openmp calculation time 0.0732566
Calculation time 0.0745065
Openmp calculation time 0.0744744
Calculation time 0.0757725
Openmp calculation time 0.0757469
Calculation time 0.0763451
Openmp calculation time 0.0763338
Gather result time 0.0447725
Total time 0.166424
Gather result time 0.0410403
Total time 0.164925
Gather result time 0.0356282
Total time 0.16792
Gather result time 0.0316815
Total time 0.166696
Gather result time 0.0268777
Total time 0.16973
Gather result time 0.0208049
Total time 0.168341
Gather result time 0.0140631
Total time 0.169315
Total message size: 1.378551e-01 GB
Gather result time 0.015482
Total time 0.171331
