Rank 1/4 running on cs273.hpc.nyu.edu.
Rank 2/4 running on cs274.hpc.nyu.edu.
Rank 3/4 running on cs275.hpc.nyu.edu.
n8192d512
Rank 0/4 running on cs272.hpc.nyu.edu.
Scatter data time 2.16496
Scatter data time 2.17556
Scatter data time 0.0830531
Scatter data time 2.18742
Calculation time 0.148813
Calculation time 0.148238
Calculation time 0.148728
Calculation time 0.148462
Gather result time 0.0333103
Total time 2.34709
Gather result time 0.0254106
Total time 2.34922
Gather result time 0.0150462
Total time 0.24685
Total message size: 1.152123e-01 GB
Gather result time 0.015093
Total time 2.35099
