n8192d512
Rank 0/8 running on cs272.hpc.nyu.edu.
Rank 4/8 running on cs416.hpc.nyu.edu.
Rank 5/8 running on cs417.hpc.nyu.edu.
Rank 6/8 running on cs498.hpc.nyu.edu.
Rank 2/8 running on cs274.hpc.nyu.edu.
Rank 3/8 running on cs275.hpc.nyu.edu.
Rank 1/8 running on cs273.hpc.nyu.edu.
Rank 7/8 running on cs499.hpc.nyu.edu.
Scatter data time 2.13655
Scatter data time 2.14236
Scatter data time 2.14785
Scatter data time 2.15456
Scatter data time 2.16032
Scatter data time 0.0814369
Scatter data time 2.16499
Scatter data time 2.17138
Calculation time 0.0737288
Calculation time 0.074171
Calculation time 0.0738956
Calculation time 0.0762237
Calculation time 0.0760247
Calculation time 0.0748697
Calculation time 0.074021
Calculation time 0.0760348
Gather result time 0.0438412
Total time 2.25413
Gather result time 0.0386365
Total time 2.25518
Gather result time 0.0315928
Total time 2.25569
Gather result time 0.0287189
Total time 2.25719
Gather result time 0.0217591
Total time 2.25811
Gather result time 0.0144074
Total time 0.169885
Total message size: 1.378551e-01 GB
Gather result time 0.0182349
Total time 2.25813
Gather result time 0.0123892
Total time 2.25984
