n8192d512
Rank 0/4 running on cs272.hpc.nyu.edu.
Rank 2/4 running on cs274.hpc.nyu.edu.
Rank 1/4 running on cs273.hpc.nyu.edu.
Rank 3/4 running on cs275.hpc.nyu.edu.
Scatter data time 2.15984
Scatter data time 2.17122
Scatter data time 0.0878908
Scatter data time 2.18268
Calculation time 0.147194
Calculation time 0.147325
Calculation time 0.147592
Calculation time 0.147676
Gather result time 0.0342537
Total time 2.3413
Gather result time 0.0249411
Total time 2.34349
Gather result time 0.0151885
Total time 0.250696
Total message size: 1.152123e-01 GB
Gather result time 0.0149715
Total time 2.34534
