n8192d512
Rank 0/4 running on cs393.hpc.nyu.edu.
Rank 3/4 running on cs396.hpc.nyu.edu.
Rank 1/4 running on cs394.hpc.nyu.edu.
Rank 2/4 running on cs395.hpc.nyu.edu.
Scatter data time 2.24926
Scatter data time 2.06915
Scatter data time 2.27147
Scatter data time 0.146472
Calculation time 0.143953
Calculation time 0.148681
Calculation time 0.147268
Calculation time 0.148496
Gather result time 0.0403706
Total time 2.43361
Gather result time 0.0256741
Total time 2.24352
Gather result time 0.0151515
Total time 0.31014
Total message size: 1.152123e-01 GB
Gather result time 0.0178897
Total time 2.43664
