Rank 3/8 running on cs053.hpc.nyu.edu.
n8192d512
Rank 0/8 running on cs050.hpc.nyu.edu.
Rank 5/8 running on cs404.hpc.nyu.edu.
Rank 4/8 running on cs403.hpc.nyu.edu.
Rank 2/8 running on cs052.hpc.nyu.edu.
Rank 6/8 running on cs498.hpc.nyu.edu.
Rank 1/8 running on cs051.hpc.nyu.edu.
Rank 7/8 running on cs499.hpc.nyu.edu.
Scatter data time 2.12247
Scatter data time 2.13731
Scatter data time 2.14374
Scatter data time 2.14988
Scatter data time 2.15544
Scatter data time 2.16026
Scatter data time 0.0855992
Scatter data time 2.14552
Calculation time 0.0740368
Calculation time 0.0742816
Calculation time 0.0735684
Calculation time 0.0738724
Calculation time 0.0737953
Calculation time 0.0752902
Calculation time 0.0741772
Calculation time 0.0779614
Gather result time 0.0437573
Total time 2.24028
Gather result time 0.0387263
Total time 2.25033
Gather result time 0.0341227
Total time 2.25143
Gather result time 0.0286586
Total time 2.25242
Gather result time 0.0240305
Total time 2.25328
Gather result time 0.0172729
Total time 2.25287
Gather result time 0.0139013
Total time 0.173699
Total message size: 1.378551e-01 GB
Gather result time 0.0099799
Total time 2.2335
