n32768d1024
Rank 0/4 running on cs473.hpc.nyu.edu.
Rank 2/4 running on cs475.hpc.nyu.edu.
Rank 3/4 running on cs476.hpc.nyu.edu.
Rank 1/4 running on cs474.hpc.nyu.edu.
Scatter data time 0.453263
Scatter data time 0.550141
Scatter data time 0.65901
Scatter data time 0.666025
Calculation time 3.59178
Calculation time 3.70608
Calculation time 3.58456
Calculation time 3.65536
Gather result time 0.246558
Total time 4.40593
Gather result time 0.277481
Total time 4.41943
Gather result time 0.118823
Total time 4.43321
Total message size: 9.216984e-01 GB
Gather result time 0.18249
Total time 4.43309
